<?xml version="1.0" encoding="UTF-8"?>
<testsuite name="HairdresserTest" tests="5" skipped="0" failures="0" errors="0" timestamp="2015-10-11T01:58:09" hostname="Maggie-ONeill.local" time="0.108">
  <properties/>
  <testcase name="update_Hairdresser" classname="HairdresserTest" time="0.043"/>
  <testcase name="all_emptyAtFirst" classname="HairdresserTest" time="0.016"/>
  <testcase name="getId_returnsCorrectId" classname="HairdresserTest" time="0.027"/>
  <testcase name="equals_returnTrueIfTypesMatch" classname="HairdresserTest" time="0.008"/>
  <testcase name="getName_returnsName" classname="HairdresserTest" time="0.011"/>
  <system-out><![CDATA[]]></system-out>
  <system-err><![CDATA[]]></system-err>
</testsuite>
