<?xml version="1.0" encoding="UTF-8"?>
<testsuite name="ClientTest" tests="6" skipped="0" failures="0" errors="0" timestamp="2015-10-11T01:58:09" hostname="Maggie-ONeill.local" time="0.308">
  <properties/>
  <testcase name="all_returnsSavedObjects" classname="ClientTest" time="0.208"/>
  <testcase name="getHairdressers_id_returnsCorrectId" classname="ClientTest" time="0.01"/>
  <testcase name="find_findsClientById" classname="ClientTest" time="0.033"/>
  <testcase name="all_emptyAtFirst" classname="ClientTest" time="0.018"/>
  <testcase name="save_addsClientToDatabase" classname="ClientTest" time="0.029"/>
  <testcase name="getName_returnsClients_nameMegan" classname="ClientTest" time="0.008"/>
  <system-out><![CDATA[]]></system-out>
  <system-err><![CDATA[]]></system-err>
</testsuite>
