<?xml version="1.0" encoding="UTF-8"?>
<testsuite name="ClientTest" tests="2" skipped="0" failures="0" errors="0" timestamp="2015-08-29T23:13:43" hostname="Sandis-MacBook-Pro.local" time="0.197">
  <properties/>
  <testcase name="all_returnsSavedObjects" classname="ClientTest" time="0.172"/>
  <testcase name="all_emptyAtFirst" classname="ClientTest" time="0.025"/>
  <system-out><![CDATA[]]></system-out>
  <system-err><![CDATA[]]></system-err>
</testsuite>
